<?xml version="1.0" encoding="UTF-8"?>
<!-- Generated by org.testng.reporters.JUnitReportReporter -->
<testsuite skipped="0" hostname="CHEV-0164LHL-LX" name="tests.OnBoarding_LandingPage" tests="3" failures="0" timestamp="2022-10-27T17:53:36 GMT+08:00" time="66.637" errors="0">
  <testcase name="TS2_ChangeLanguage" time="20.428" classname="tests.OnBoarding_LandingPage"/>
  <system-out/>
  <testcase name="Prereq_clickAllow" time="13.735" classname="tests.OnBoarding_LandingPage"/>
  <system-out/>
  <testcase name="TS1_CountrySelector" time="32.474" classname="tests.OnBoarding_LandingPage"/>
  <system-out/>
</testsuite> <!-- tests.OnBoarding_LandingPage -->
