<?xml version="1.0" encoding="UTF-8"?>
<!-- Generated by org.testng.reporters.JUnitReportReporter -->
<testsuite skipped="0" hostname="CHEV-0164LHL-LX" name="tests.LoginLogoutChangePassword" tests="5" failures="0" timestamp="2022-10-26T10:19:07 GMT+08:00" time="664.512" errors="0">
  <testcase name="TS2_ChangePassword" time="465.180" classname="tests.LoginLogoutChangePassword"/>
  <system-out/>
  <testcase name="TS4_LoginWithEmail_NegativeTesting" time="39.183" classname="tests.LoginLogoutChangePassword"/>
  <system-out/>
  <testcase name="TS5_LoginWithEmail" time="15.662" classname="tests.LoginLogoutChangePassword"/>
  <system-out/>
  <testcase name="TS3_LogOut" time="85.144" classname="tests.LoginLogoutChangePassword"/>
  <system-out/>
  <testcase name="TS1_LoginWithTenDigitNumber" time="59.343" classname="tests.LoginLogoutChangePassword"/>
  <system-out/>
</testsuite> <!-- tests.LoginLogoutChangePassword -->
