<?xml version="1.0" encoding="UTF-8"?>
<!-- Generated by org.testng.reporters.JUnitReportReporter -->
<testsuite skipped="1" hostname="CHEV-0164LHL-LX" name="tests.OnBoarding_LandingPage" tests="9" failures="0" timestamp="2022-11-03T20:27:49 GMT+08:00" time="306.181" errors="0">
  <testcase name="CountrySelector_VerifyCountriesAvailable" time="37.492" classname="tests.OnBoarding_LandingPage"/>
  <system-out/>
  <testcase name="ChangeLanguage_VerifySupportedLanguagesPerCountry_Australia" time="44.944" classname="tests.OnBoarding_LandingPage"/>
  <system-out/>
  <testcase name="ChangeLanguage_VerifySupportedLanguagesPerCountry_Malaysia" time="48.187" classname="tests.OnBoarding_LandingPage"/>
  <system-out/>
  <testcase name="ChangeLanguage_VerifyPageTranslation_BahasaMelayu" time="20.601" classname="tests.OnBoarding_LandingPage"/>
  <system-out/>
  <testcase name="ChangeLanguage_VerifySupportedLanguagesPerCountry_Philippines" time="45.450" classname="tests.OnBoarding_LandingPage"/>
  <system-out/>
  <testcase name="ChangeLanguage_VerifyPageTranslation_English" time="20.879" classname="tests.OnBoarding_LandingPage"/>
  <system-out/>
  <testcase name="ChangeLanguage_VerifySupportedLanguagesPerCountry_Thailand" time="47.556" classname="tests.OnBoarding_LandingPage"/>
  <system-out/>
  <testcase name="ChangeLanguage_VerifyPageTranslation_Thai" time="41.072" classname="tests.OnBoarding_LandingPage"/>
  <system-out/>
  <testcase name="Prereq_clickAllow" classname="tests.OnBoarding_LandingPage">
    <skipped/>
  </testcase> <!-- Prereq_clickAllow -->
  <system-out/>
</testsuite> <!-- tests.OnBoarding_LandingPage -->
