<?xml version="1.0" encoding="UTF-8"?>
<!-- Generated by org.testng.reporters.JUnitReportReporter -->
<testsuite skipped="0" hostname="CHEV-0164LHL-LX" name="tests.OnBoarding_SignIn" tests="3" failures="0" timestamp="2022-10-26T16:41:45 GMT+08:00" time="115.179" errors="0">
  <testcase name="TS1_MobileNumber" time="57.333" classname="tests.OnBoarding_SignIn"/>
  <system-out/>
  <testcase name="TS2_EmailAddress" time="47.559" classname="tests.OnBoarding_SignIn"/>
  <system-out/>
  <testcase name="Prereq_clickAllow" time="10.287" classname="tests.OnBoarding_SignIn"/>
  <system-out/>
</testsuite> <!-- tests.OnBoarding_SignIn -->
