<?xml version="1.0" encoding="UTF-8"?>
<!-- Generated by org.testng.reporters.JUnitReportReporter -->
<testsuite skipped="0" hostname="CHEV-0164LHL-LX" name="tests.SignUpTests" tests="1" failures="0" timestamp="2022-10-21T13:22:02 GMT+08:00" time="85.053" errors="0">
  <testcase name="loginWithTenDigitNumber" time="85.053" classname="tests.SignUpTests"/>
  <system-out/>
</testsuite> <!-- tests.SignUpTests -->
