<?xml version="1.0" encoding="UTF-8"?>
<!-- Generated by org.testng.reporters.JUnitReportReporter -->
<testsuite skipped="1" hostname="CHEV-0164LHL-LX" name="tests.ProfileManagement_MyAccount" tests="5" failures="0" timestamp="2022-11-05T00:52:21 GMT+08:00" time="1606.978" errors="0">
  <testcase name="Prereq1_SignIn" time="64.145" classname="tests.ProfileManagement_MyAccount"/>
  <system-out/>
  <testcase name="EditProfile_EditUsingInvalidFirstNameAndLastName" time="753.002" classname="tests.ProfileManagement_MyAccount"/>
  <system-out/>
  <testcase name="EditProfile_VerifyPopUpModal_BirthdayAndMobileNumber" time="68.752" classname="tests.ProfileManagement_MyAccount"/>
  <system-out/>
  <testcase name="EditProfile_EditUsingValidFirstNameAndLastName" time="721.079" classname="tests.ProfileManagement_MyAccount"/>
  <system-out/>
  <testcase name="Prereq_clickAllow" classname="tests.ProfileManagement_MyAccount">
    <skipped/>
  </testcase> <!-- Prereq_clickAllow -->
  <system-out/>
</testsuite> <!-- tests.ProfileManagement_MyAccount -->
