<?xml version="1.0" encoding="UTF-8"?>
<!-- Generated by org.testng.reporters.JUnitReportReporter -->
<testsuite skipped="0" hostname="CHEV-0164LHL-LX" name="tests.ProfileManagement_Loyalty" tests="5" failures="0" timestamp="2022-10-26T21:23:30 GMT+08:00" time="587.778" errors="0">
  <testcase name="TS3_GoRewards_Link" time="239.946" classname="tests.ProfileManagement_Loyalty"/>
  <system-out/>
  <testcase name="Prereq2_SignInUsingMobileNumber" time="41.616" classname="tests.ProfileManagement_Loyalty"/>
  <system-out/>
  <testcase name="TS1_ChangeDefaultLoyalty" time="191.699" classname="tests.ProfileManagement_Loyalty"/>
  <system-out/>
  <testcase name="TS2_GoRewards_Unlink" time="103.691" classname="tests.ProfileManagement_Loyalty"/>
  <system-out/>
  <testcase name="Prereq1_clickAllow" time="10.826" classname="tests.ProfileManagement_Loyalty"/>
  <system-out/>
</testsuite> <!-- tests.ProfileManagement_Loyalty -->
