<?xml version="1.0" encoding="UTF-8"?>
<!-- Generated by org.testng.reporters.JUnitReportReporter -->
<testsuite skipped="0" hostname="CHEV-0164LHL-LX" name="tests.OnBoarding_LandingPage" tests="3" failures="0" timestamp="2022-10-27T14:01:02 GMT+08:00" time="58.360" errors="0">
  <testcase name="Prereq_clickAllow" time="11.680" classname="tests.OnBoarding_LandingPage"/>
  <system-out/>
  <testcase name="TS2_ChangeLanguage" time="16.925" classname="tests.OnBoarding_LandingPage"/>
  <system-out/>
  <testcase name="TS1_CountrySelector" time="29.755" classname="tests.OnBoarding_LandingPage"/>
  <system-out/>
</testsuite> <!-- tests.OnBoarding_LandingPage -->
