<?xml version="1.0" encoding="UTF-8"?>
<!-- Generated by org.testng.reporters.JUnitReportReporter -->
<testsuite skipped="1" hostname="CHEV-0164LHL-LX" name="tests.OnBoarding_SignIn" tests="6" failures="0" timestamp="2022-11-03T22:35:22 GMT+08:00" time="464.790" errors="0">
  <testcase name="MobileNumber_LogIn_InvalidDetails" time="41.353" classname="tests.OnBoarding_SignIn"/>
  <system-out/>
  <testcase name="MobileNumber_LogIn_VerifiedUser" time="88.388" classname="tests.OnBoarding_SignIn"/>
  <system-out/>
  <testcase name="MobileNumber_LogIn_UnverifiedUser" time="121.775" classname="tests.OnBoarding_SignIn"/>
  <system-out/>
  <testcase name="EmailAddress_LogIn_VerifiedUser" time="107.940" classname="tests.OnBoarding_SignIn"/>
  <system-out/>
  <testcase name="EmailAddress_LogIn_UnverifiedUser" time="105.334" classname="tests.OnBoarding_SignIn"/>
  <system-out/>
  <testcase name="Prereq_clickAllow" classname="tests.OnBoarding_SignIn">
    <skipped/>
  </testcase> <!-- Prereq_clickAllow -->
  <system-out/>
</testsuite> <!-- tests.OnBoarding_SignIn -->
