<?xml version="1.0" encoding="UTF-8"?>
<!-- Generated by org.testng.reporters.JUnitReportReporter -->
<testsuite skipped="0" hostname="CHEV-0164LHL-LX" name="tests.ProfileManagement_MyAccount" tests="3" failures="0" timestamp="2022-10-26T16:50:30 GMT+08:00" time="258.772" errors="0">
  <testcase name="TS1_EditProfile" time="217.794" classname="tests.ProfileManagement_MyAccount"/>
  <system-out/>
  <testcase name="Prereq2_SignInUsingMobileNumber" time="30.236" classname="tests.ProfileManagement_MyAccount"/>
  <system-out/>
  <testcase name="Prereq1_clickAllow" time="10.742" classname="tests.ProfileManagement_MyAccount"/>
  <system-out/>
</testsuite> <!-- tests.ProfileManagement_MyAccount -->
