<?xml version="1.0" encoding="UTF-8"?>
<!-- Generated by org.testng.reporters.JUnitReportReporter -->
<testsuite skipped="0" hostname="CHEV-0164LHL-LX" name="_sandbox.zSetup" tests="1" failures="0" timestamp="2022-11-03T14:09:37 GMT+08:00" time="54.648" errors="0">
  <testcase name="Setup" time="54.648" classname="_sandbox.zSetup"/>
  <system-out/>
</testsuite> <!-- _sandbox.zSetup -->
