<?xml version="1.0" encoding="UTF-8"?>
<!-- Generated by org.testng.reporters.JUnitReportReporter -->
<testsuite skipped="0" hostname="CHEV-0164LHL-LX" name="_sandbox.zTest" tests="1" failures="0" timestamp="2022-10-26T14:46:58 GMT+08:00" time="0.009" errors="0">
  <testcase name="test1" time="0.009" classname="_sandbox.zTest"/>
  <system-out/>
</testsuite> <!-- _sandbox.zTest -->
