<?xml version="1.0" encoding="UTF-8"?>
<!-- Generated by org.testng.reporters.JUnitReportReporter -->
<testsuite skipped="0" hostname="CHEV-0164LHL-LX" name="tests.LoginTests" tests="1" failures="0" timestamp="2022-10-21T14:08:10 GMT+08:00" time="54.970" errors="0">
  <testcase name="loginWithTenDigitNumber" time="54.970" classname="tests.LoginTests"/>
  <system-out/>
</testsuite> <!-- tests.LoginTests -->
